This file contains any messages produced by compilers while
running configure, to aid debugging if configure makes a mistake.

It was created by configure, which was
generated by GNU Autoconf 2.68.  Invocation command line was

  $ ./configure 

## --------- ##
## Platform. ##
## --------- ##

hostname = dev04
uname -m = x86_64
uname -r = 3.0.0-13-server
uname -s = Linux
uname -v = #22-Ubuntu SMP Wed Nov 2 15:09:08 UTC 2011

/usr/bin/uname -p = unknown
/bin/uname -X     = unknown

/bin/arch              = unknown
/usr/bin/arch -k       = unknown
/usr/convex/getsysinfo = unknown
/usr/bin/hostinfo      = unknown
/bin/machine           = unknown
/usr/bin/oslevel       = unknown
/bin/universe          = unknown

PATH: /home/yuya/.nvm/v0.4.12/bin
PATH: /home/yuya/.phpenv/shims
PATH: /home/yuya/.rbenv/shims
PATH: /home/yuya/.rbenv/bin
PATH: /home/yuya/.phpenv/bin
PATH: /home/yuya/bin
PATH: /usr/local/sbin
PATH: /usr/local/bin
PATH: /usr/sbin
PATH: /usr/bin
PATH: /sbin
PATH: /bin
PATH: /usr/games
PATH: /home/yuya/.php-build/bin


## ----------- ##
## Core tests. ##
## ----------- ##

configure:2590: checking for grep that handles long lines and -e
configure:2648: result: /bin/grep
configure:2653: checking for egrep
configure:2715: result: /bin/grep -E
configure:2720: checking for a sed that does not truncate output
configure:2774: result: /bin/sed
configure:2906: checking for cc
configure:2922: found /usr/bin/cc
configure:2933: result: cc
configure:2964: checking for C compiler version
configure:2973: cc --version >&5
cc (Ubuntu/Linaro 4.6.1-9ubuntu3) 4.6.1
Copyright (C) 2011 Free Software Foundation, Inc.
This is free software; see the source for copying conditions.  There is NO
warranty; not even for MERCHANTABILITY or FITNESS FOR A PARTICULAR PURPOSE.

configure:2984: $? = 0
configure:2973: cc -v >&5
Using built-in specs.
COLLECT_GCC=cc
COLLECT_LTO_WRAPPER=/usr/lib/gcc/x86_64-linux-gnu/4.6.1/lto-wrapper
Target: x86_64-linux-gnu
Configured with: ../src/configure -v --with-pkgversion='Ubuntu/Linaro 4.6.1-9ubuntu3' --with-bugurl=file:///usr/share/doc/gcc-4.6/README.Bugs --enable-languages=c,c++,fortran,objc,obj-c++,go --prefix=/usr --program-suffix=-4.6 --enable-shared --enable-linker-build-id --with-system-zlib --libexecdir=/usr/lib --without-included-gettext --enable-threads=posix --with-gxx-include-dir=/usr/include/c++/4.6 --libdir=/usr/lib --enable-nls --with-sysroot=/ --enable-clocale=gnu --enable-libstdcxx-debug --enable-libstdcxx-time=yes --enable-plugin --enable-objc-gc --disable-werror --with-arch-32=i686 --with-tune=generic --enable-checking=release --build=x86_64-linux-gnu --host=x86_64-linux-gnu --target=x86_64-linux-gnu
Thread model: posix
gcc version 4.6.1 (Ubuntu/Linaro 4.6.1-9ubuntu3) 
configure:2984: $? = 0
configure:2973: cc -V >&5
cc: error: unrecognized option '-V'
cc: fatal error: no input files
compilation terminated.
configure:2984: $? = 4
configure:2973: cc -qversion >&5
cc: error: unrecognized option '-qversion'
cc: fatal error: no input files
compilation terminated.
configure:2984: $? = 4
configure:3004: checking whether the C compiler works
configure:3026: cc    conftest.c  >&5
configure:3030: $? = 0
configure:3078: result: yes
configure:3081: checking for C compiler default output file name
configure:3083: result: a.out
configure:3089: checking for suffix of executables
configure:3096: cc -o conftest    conftest.c  >&5
configure:3100: $? = 0
configure:3122: result: 
configure:3144: checking whether we are cross compiling
configure:3152: cc -o conftest    conftest.c  >&5
configure:3156: $? = 0
configure:3163: ./conftest
configure:3167: $? = 0
configure:3182: result: no
configure:3187: checking for suffix of object files
configure:3209: cc -c   conftest.c >&5
configure:3213: $? = 0
configure:3234: result: o
configure:3238: checking whether we are using the GNU C compiler
configure:3257: cc -c   conftest.c >&5
configure:3257: $? = 0
configure:3266: result: yes
configure:3275: checking whether cc accepts -g
configure:3295: cc -c -g  conftest.c >&5
configure:3295: $? = 0
configure:3336: result: yes
configure:3353: checking for cc option to accept ISO C89
configure:3417: cc  -c -g -O2  conftest.c >&5
configure:3417: $? = 0
configure:3430: result: none needed
configure:3456: checking how to run the C preprocessor
configure:3487: cc -E  conftest.c
configure:3487: $? = 0
configure:3501: cc -E  conftest.c
conftest.c:9:28: fatal error: ac_nonexistent.h: No such file or directory
compilation terminated.
configure:3501: $? = 1
configure: failed program was:
| /* confdefs.h */
| #define PACKAGE_NAME ""
| #define PACKAGE_TARNAME ""
| #define PACKAGE_VERSION ""
| #define PACKAGE_STRING ""
| #define PACKAGE_BUGREPORT ""
| #define PACKAGE_URL ""
| /* end confdefs.h.  */
| #include <ac_nonexistent.h>
configure:3526: result: cc -E
configure:3546: cc -E  conftest.c
configure:3546: $? = 0
configure:3560: cc -E  conftest.c
conftest.c:9:28: fatal error: ac_nonexistent.h: No such file or directory
compilation terminated.
configure:3560: $? = 1
configure: failed program was:
| /* confdefs.h */
| #define PACKAGE_NAME ""
| #define PACKAGE_TARNAME ""
| #define PACKAGE_VERSION ""
| #define PACKAGE_STRING ""
| #define PACKAGE_BUGREPORT ""
| #define PACKAGE_URL ""
| /* end confdefs.h.  */
| #include <ac_nonexistent.h>
configure:3591: checking for icc
configure:3600: result: no
configure:3614: checking for suncc
configure:3623: result: no
configure:3641: checking whether cc understands -c and -o together
configure:3669: cc -c conftest.c -o conftest2.o >&5
configure:3673: $? = 0
configure:3679: cc -c conftest.c -o conftest2.o >&5
configure:3683: $? = 0
configure:3738: result: yes
configure:3752: checking for system library directory
configure:3767: result: lib
configure:3774: checking if compiler supports -R
configure:3793: cc -o conftest -g -O2   conftest.c -R /usr/lib  >&5
cc: error: unrecognized option '-R'
configure:3793: $? = 1
configure: failed program was:
| /* confdefs.h */
| #define PACKAGE_NAME ""
| #define PACKAGE_TARNAME ""
| #define PACKAGE_VERSION ""
| #define PACKAGE_STRING ""
| #define PACKAGE_BUGREPORT ""
| #define PACKAGE_URL ""
| /* end confdefs.h.  */
| 
| int
| main ()
| {
| 
|   ;
|   return 0;
| }
configure:3803: result: no
configure:3808: checking if compiler supports -Wl,-rpath,
configure:3827: cc -o conftest -g -O2   conftest.c -Wl,-rpath,/usr/lib  >&5
configure:3827: $? = 0
configure:3837: result: yes
configure:3882: checking build system type
configure:3896: result: x86_64-unknown-linux-gnu
configure:3916: checking host system type
configure:3929: result: x86_64-unknown-linux-gnu
configure:3949: checking target system type
configure:3962: result: x86_64-unknown-linux-gnu
configure:4065: checking for PHP prefix
configure:4067: result: /home/yuya/.phpenv/versions/5.3.8
configure:4069: checking for PHP includes
configure:4071: result: -I/home/yuya/.phpenv/versions/5.3.8/include/php -I/home/yuya/.phpenv/versions/5.3.8/include/php/main -I/home/yuya/.phpenv/versions/5.3.8/include/php/TSRM -I/home/yuya/.phpenv/versions/5.3.8/include/php/Zend -I/home/yuya/.phpenv/versions/5.3.8/include/php/ext -I/home/yuya/.phpenv/versions/5.3.8/include/php/ext/date/lib
configure:4073: checking for PHP extension directory
configure:4075: result: /home/yuya/.phpenv/versions/5.3.8/lib/php/extensions/no-debug-non-zts-20090626
configure:4077: checking for PHP installed headers prefix
configure:4079: result: /home/yuya/.phpenv/versions/5.3.8/include/php
configure:4082: checking if debug is enabled
configure:4108: result: no
configure:4111: checking if zts is enabled
configure:4137: result: no
configure:4211: checking for re2c
configure:4227: found /usr/bin/re2c
configure:4238: result: re2c
configure:4247: checking for re2c version
configure:4261: result: 0.13.5 (ok)
configure:4280: checking for gawk
configure:4311: result: no
configure:4280: checking for nawk
configure:4297: found /usr/bin/nawk
configure:4308: result: nawk
configure:4331: checking if nawk is broken
configure:4338: result: no
configure:4356: checking whether to enable hashtable_dump support
configure:4395: result: yes, shared
configure:4795: checking for ld used by cc
configure:4862: result: /usr/bin/ld
configure:4869: checking if the linker (/usr/bin/ld) is GNU ld
configure:4884: result: yes
configure:4889: checking for /usr/bin/ld option to reload object files
configure:4896: result: -r
configure:4914: checking for BSD-compatible nm
configure:4963: result: /usr/bin/nm -B
configure:4967: checking whether ln -s works
configure:4971: result: yes
configure:4978: checking how to recognize dependent libraries
configure:5164: result: pass_all
configure:5249: cc -c -g -O2  conftest.c >&5
configure:5252: $? = 0
configure:5376: checking for ANSI C header files
configure:5396: cc -c -g -O2  conftest.c >&5
configure:5396: $? = 0
configure:5469: cc -o conftest -g -O2   conftest.c  >&5
configure:5469: $? = 0
configure:5469: ./conftest
configure:5469: $? = 0
configure:5480: result: yes
configure:5493: checking for sys/types.h
configure:5493: cc -c -g -O2  conftest.c >&5
configure:5493: $? = 0
configure:5493: result: yes
configure:5493: checking for sys/stat.h
configure:5493: cc -c -g -O2  conftest.c >&5
configure:5493: $? = 0
configure:5493: result: yes
configure:5493: checking for stdlib.h
configure:5493: cc -c -g -O2  conftest.c >&5
configure:5493: $? = 0
configure:5493: result: yes
configure:5493: checking for string.h
configure:5493: cc -c -g -O2  conftest.c >&5
configure:5493: $? = 0
configure:5493: result: yes
configure:5493: checking for memory.h
configure:5493: cc -c -g -O2  conftest.c >&5
configure:5493: $? = 0
configure:5493: result: yes
configure:5493: checking for strings.h
configure:5493: cc -c -g -O2  conftest.c >&5
configure:5493: $? = 0
configure:5493: result: yes
configure:5493: checking for inttypes.h
configure:5493: cc -c -g -O2  conftest.c >&5
configure:5493: $? = 0
configure:5493: result: yes
configure:5493: checking for stdint.h
configure:5493: cc -c -g -O2  conftest.c >&5
configure:5493: $? = 0
configure:5493: result: yes
configure:5493: checking for unistd.h
configure:5493: cc -c -g -O2  conftest.c >&5
configure:5493: $? = 0
configure:5493: result: yes
configure:5507: checking dlfcn.h usability
configure:5507: cc -c -g -O2  conftest.c >&5
configure:5507: $? = 0
configure:5507: result: yes
configure:5507: checking dlfcn.h presence
configure:5507: cc -E  conftest.c
configure:5507: $? = 0
configure:5507: result: yes
configure:5507: checking for dlfcn.h
configure:5507: result: yes
configure:5529: checking the maximum length of command line arguments
configure:5641: result: 1572864
configure:5653: checking command to parse /usr/bin/nm -B output from cc object
configure:5758: cc -c -g -O2  conftest.c >&5
configure:5761: $? = 0
configure:5765: /usr/bin/nm -B conftest.o \| sed -n -e 's/^.*[ 	]\([ABCDGIRSTW][ABCDGIRSTW]*\)[ 	][ 	]*\([_A-Za-z][_A-Za-z0-9]*\)$/\1 \2 \2/p' \> conftest.nm
configure:5768: $? = 0
configure:5820: cc -o conftest -g -O2   conftest.c conftstm.o >&5
configure:5823: $? = 0
configure:5861: result: ok
configure:5865: checking for objdir
configure:5880: result: .libs
configure:5972: checking for ar
configure:5988: found /usr/bin/ar
configure:5999: result: ar
configure:6064: checking for ranlib
configure:6080: found /usr/bin/ranlib
configure:6091: result: ranlib
configure:6156: checking for strip
configure:6172: found /usr/bin/strip
configure:6183: result: strip
configure:6752: checking if cc supports -fno-rtti -fno-exceptions
configure:6770: cc -c -g -O2  -fno-rtti -fno-exceptions conftest.c >&5
cc1: warning: command line option '-fno-rtti' is valid for C++/ObjC++ but not for C [enabled by default]
configure:6774: $? = 0
configure:6787: result: no
configure:6802: checking for cc option to produce PIC
configure:7042: result: -fPIC
configure:7050: checking if cc PIC flag -fPIC works
configure:7068: cc -c -g -O2  -fPIC -DPIC conftest.c >&5
configure:7072: $? = 0
configure:7085: result: yes
configure:7113: checking if cc static flag -static works
configure:7141: result: yes
configure:7151: checking if cc supports -c -o file.o
configure:7172: cc -c -g -O2  -o out/conftest2.o conftest.c >&5
configure:7176: $? = 0
configure:7198: result: yes
configure:7224: checking whether the cc linker (/usr/bin/ld -m elf_x86_64) supports shared libraries
configure:8156: result: yes
configure:8177: checking whether -lc should be explicitly linked in
configure:8182: cc -c -g -O2  conftest.c >&5
configure:8185: $? = 0
configure:8200: cc -shared conftest.o  -v -Wl,-soname -Wl,conftest -o conftest 2\>\&1 \| grep  -lc  \>/dev/null 2\>\&1
configure:8203: $? = 0
configure:8215: result: no
configure:8223: checking dynamic linker characteristics
configure:8825: result: GNU/Linux ld.so
configure:8849: checking how to hardcode library paths into programs
configure:8874: result: immediate
configure:8888: checking whether stripping libraries is possible
configure:8893: result: yes
configure:9410: checking if libtool supports shared libraries
configure:9412: result: yes
configure:9415: checking whether to build shared libraries
configure:9436: result: yes
configure:9439: checking whether to build static libraries
configure:9443: result: no
configure:9538: result:
creating libtool
configure:13241: creating ./config.status

## ---------------------- ##
## Running config.status. ##
## ---------------------- ##

This file was extended by config.status, which was
generated by GNU Autoconf 2.68.  Invocation command line was

  CONFIG_FILES    = 
  CONFIG_HEADERS  = 
  CONFIG_LINKS    = 
  CONFIG_COMMANDS = 
  $ ./config.status 

on dev04

config.status:688: creating config.h

## ---------------- ##
## Cache variables. ##
## ---------------- ##

ac_cv_build=x86_64-unknown-linux-gnu
ac_cv_c_compiler_gnu=yes
ac_cv_env_CC_set=
ac_cv_env_CC_value=
ac_cv_env_CFLAGS_set=
ac_cv_env_CFLAGS_value=
ac_cv_env_CPPFLAGS_set=
ac_cv_env_CPPFLAGS_value=
ac_cv_env_CPP_set=
ac_cv_env_CPP_value=
ac_cv_env_LDFLAGS_set=
ac_cv_env_LDFLAGS_value=
ac_cv_env_LIBS_set=
ac_cv_env_LIBS_value=
ac_cv_env_build_alias_set=
ac_cv_env_build_alias_value=
ac_cv_env_host_alias_set=
ac_cv_env_host_alias_value=
ac_cv_env_target_alias_set=
ac_cv_env_target_alias_value=
ac_cv_header_dlfcn_h=yes
ac_cv_header_inttypes_h=yes
ac_cv_header_memory_h=yes
ac_cv_header_stdc=yes
ac_cv_header_stdint_h=yes
ac_cv_header_stdlib_h=yes
ac_cv_header_string_h=yes
ac_cv_header_strings_h=yes
ac_cv_header_sys_stat_h=yes
ac_cv_header_sys_types_h=yes
ac_cv_header_unistd_h=yes
ac_cv_host=x86_64-unknown-linux-gnu
ac_cv_objext=o
ac_cv_path_EGREP='/bin/grep -E'
ac_cv_path_GREP=/bin/grep
ac_cv_prog_AWK=nawk
ac_cv_prog_CPP='cc -E'
ac_cv_prog_RE2C=re2c
ac_cv_prog_ac_ct_AR=ar
ac_cv_prog_ac_ct_CC=cc
ac_cv_prog_ac_ct_RANLIB=ranlib
ac_cv_prog_ac_ct_STRIP=strip
ac_cv_prog_cc_c89=
ac_cv_prog_cc_cc_c_o=yes
ac_cv_prog_cc_g=yes
ac_cv_target=x86_64-unknown-linux-gnu
lt_cv_deplibs_check_method=pass_all
lt_cv_file_magic_cmd='$MAGIC_CMD'
lt_cv_file_magic_test_file=
lt_cv_ld_reload_flag=-r
lt_cv_objdir=.libs
lt_cv_path_LD=/usr/bin/ld
lt_cv_path_NM='/usr/bin/nm -B'
lt_cv_path_SED=/bin/sed
lt_cv_prog_compiler_c_o=yes
lt_cv_prog_compiler_pic_works=yes
lt_cv_prog_compiler_rtti_exceptions=no
lt_cv_prog_compiler_static_works=yes
lt_cv_prog_gnu_ld=yes
lt_cv_sys_global_symbol_pipe='sed -n -e '\''s/^.*[ 	]\([ABCDGIRSTW][ABCDGIRSTW]*\)[ 	][ 	]*\([_A-Za-z][_A-Za-z0-9]*\)$/\1 \2 \2/p'\'''
lt_cv_sys_global_symbol_to_c_name_address='sed -n -e '\''s/^: \([^ ]*\) $/  {\"\1\", (lt_ptr) 0},/p'\'' -e '\''s/^[BCDEGRST] \([^ ]*\) \([^ ]*\)$/  {"\2", (lt_ptr) \&\2},/p'\'''
lt_cv_sys_global_symbol_to_cdecl='sed -n -e '\''s/^. .* \(.*\)$/extern int \1;/p'\'''
lt_cv_sys_lib_dlsearch_path_spec='/lib /usr/lib /usr/local/lib /lib/x86_64-linux-gnu /usr/lib/x86_64-linux-gnu '
lt_cv_sys_lib_search_path_spec='/usr/lib/gcc/x86_64-linux-gnu/4.6.1 /usr/lib/x86_64-linux-gnu /usr/lib /lib/x86_64-linux-gnu /lib'
lt_cv_sys_max_cmd_len=1572864
lt_lt_cv_prog_compiler_c_o='"yes"'
lt_lt_cv_sys_global_symbol_pipe='"sed -n -e '\''s/^.*[ 	]\\([ABCDGIRSTW][ABCDGIRSTW]*\\)[ 	][ 	]*\\([_A-Za-z][_A-Za-z0-9]*\\)\$/\\1 \\2 \\2/p'\''"'
lt_lt_cv_sys_global_symbol_to_c_name_address='"sed -n -e '\''s/^: \\([^ ]*\\) \$/  {\\\"\\1\\\", (lt_ptr) 0},/p'\'' -e '\''s/^[BCDEGRST] \\([^ ]*\\) \\([^ ]*\\)\$/  {\"\\2\", (lt_ptr) \\&\\2},/p'\''"'
lt_lt_cv_sys_global_symbol_to_cdecl='"sed -n -e '\''s/^. .* \\(.*\\)\$/extern int \\1;/p'\''"'
php_cv_cc_dashr=no
php_cv_cc_rpath=yes
php_cv_re2c_version='0.13.5 (ok)'

## ----------------- ##
## Output variables. ##
## ----------------- ##

AR='ar'
AWK='nawk'
CC='cc'
CFLAGS='-g -O2'
CONFIGURE_COMMAND=' '\''./configure'\'' '
CONFIGURE_OPTIONS=''
CPP='cc -E'
CPPFLAGS=' -DHAVE_CONFIG_H'
DEFS='-DHAVE_CONFIG_H'
DSYMUTIL=''
ECHO='echo'
ECHO_C=''
ECHO_N='-n'
ECHO_T=''
EGREP='/bin/grep -E'
EXEEXT=''
GREP='/bin/grep'
LDFLAGS=''
LIBOBJS=''
LIBS=''
LIBTOOL='$(SHELL) $(top_builddir)/libtool'
LN_S='ln -s'
LTLIBOBJS=''
NMEDIT=''
OBJEXT='o'
PACKAGE_BUGREPORT=''
PACKAGE_NAME=''
PACKAGE_STRING=''
PACKAGE_TARNAME=''
PACKAGE_URL=''
PACKAGE_VERSION=''
PATH_SEPARATOR=':'
RANLIB='ranlib'
RE2C='re2c'
SED='/bin/sed'
SHELL='/bin/bash'
SHLIB_DL_SUFFIX_NAME='so'
SHLIB_SUFFIX_NAME='so'
STRIP='strip'
ac_ct_CC='cc'
bindir='${exec_prefix}/bin'
build='x86_64-unknown-linux-gnu'
build_alias=''
build_cpu='x86_64'
build_os='linux-gnu'
build_vendor='unknown'
datadir='${datarootdir}'
datarootdir='${prefix}/share'
docdir='${datarootdir}/doc/${PACKAGE}'
dvidir='${docdir}'
exec_prefix='$(prefix)'
host='x86_64-unknown-linux-gnu'
host_alias='x86_64-unknown-linux-gnu'
host_cpu='x86_64'
host_os='linux-gnu'
host_vendor='unknown'
htmldir='${docdir}'
includedir='${prefix}/include'
infodir='${datarootdir}/info'
libdir='${exec_prefix}/lib'
libexecdir='${exec_prefix}/libexec'
localedir='${datarootdir}/locale'
localstatedir='${prefix}/var'
mandir='${datarootdir}/man'
oldincludedir='/usr/include'
pdfdir='${docdir}'
prefix='/home/yuya/.phpenv/versions/5.3.8'
program_transform_name='s,x,x,'
psdir='${docdir}'
sbindir='${exec_prefix}/sbin'
sharedstatedir='${prefix}/com'
sysconfdir='${prefix}/etc'
target='x86_64-unknown-linux-gnu'
target_alias=''
target_cpu='x86_64'
target_os='linux-gnu'
target_vendor='unknown'

## ----------- ##
## confdefs.h. ##
## ----------- ##

/* confdefs.h */
#define PACKAGE_NAME ""
#define PACKAGE_TARNAME ""
#define PACKAGE_VERSION ""
#define PACKAGE_STRING ""
#define PACKAGE_BUGREPORT ""
#define PACKAGE_URL ""
#define COMPILE_DL_HASHTABLE_DUMP 1
#define STDC_HEADERS 1
#define HAVE_SYS_TYPES_H 1
#define HAVE_SYS_STAT_H 1
#define HAVE_STDLIB_H 1
#define HAVE_STRING_H 1
#define HAVE_MEMORY_H 1
#define HAVE_STRINGS_H 1
#define HAVE_INTTYPES_H 1
#define HAVE_STDINT_H 1
#define HAVE_UNISTD_H 1
#define HAVE_DLFCN_H 1

configure: exit 0
